[0.023s] Invoking command in '/home/gerardo/turtlebot3_group6v2/build/explore_cpp': CMAKE_PREFIX_PATH=${CMAKE_PREFIX_PATH}:/home/gerardo/turtlebot3_ws/install/turtlebot3_teleop:/home/gerardo/turtlebot3_ws/install/turtlebot3_example:/home/gerardo/turtlebot3_group6v2/install/turtlebot3_poi_navigation:/home/gerardo/turtlebot3_group6v2/install/turtlebot3_explore:/home/gerardo/turtlebot3_group6v2/install/motor_position_controller:/home/gerardo/turtlebot3_group6v2/install/laser_scan_adjuster:/home/gerardo/turtlebot3_group6v2/install/joint_state_publisher_custom:/home/gerardo/turtlebot3_group6/install/turtlebot3_explore:/home/gerardo/turtlebot3_group6/install/motor_controller:/opt/ros/humble /usr/bin/cmake --build /home/gerardo/turtlebot3_group6v2/build/explore_cpp -- -j16 -l16
[0.592s] -- Found ament_cmake: 1.3.10 (/opt/ros/humble/share/ament_cmake/cmake)
[0.593s] -- Found rclcpp: 16.0.10 (/opt/ros/humble/share/rclcpp/cmake)
[0.593s] -- Found rosidl_generator_c: 3.1.5 (/opt/ros/humble/share/rosidl_generator_c/cmake)
[0.593s] -- Found rosidl_adapter: 3.1.5 (/opt/ros/humble/share/rosidl_adapter/cmake)
[0.593s] -- Found rosidl_generator_cpp: 3.1.5 (/opt/ros/humble/share/rosidl_generator_cpp/cmake)
[0.593s] -- Using all available rosidl_typesupport_c: rosidl_typesupport_fastrtps_c;rosidl_typesupport_introspection_c
[0.593s] -- Using all available rosidl_typesupport_cpp: rosidl_typesupport_fastrtps_cpp;rosidl_typesupport_introspection_cpp
[0.593s] -- Found rmw_implementation_cmake: 6.1.2 (/opt/ros/humble/share/rmw_implementation_cmake/cmake)
[0.593s] -- Found rmw_fastrtps_cpp: 6.2.7 (/opt/ros/humble/share/rmw_fastrtps_cpp/cmake)
[0.593s] -- Using RMW implementation 'rmw_fastrtps_cpp' as default
[0.593s] -- Found nav_msgs: 4.2.4 (/opt/ros/humble/share/nav_msgs/cmake)
[0.593s] -- Found visualization_msgs: 4.2.4 (/opt/ros/humble/share/visualization_msgs/cmake)
[0.593s] -- Found tf2_ros: 0.25.8 (/opt/ros/humble/share/tf2_ros/cmake)
[0.593s] -- Found tf2_geometry_msgs: 0.25.8 (/opt/ros/humble/share/tf2_geometry_msgs/cmake)
[0.593s] -- Found eigen3_cmake_module: 0.1.1 (/opt/ros/humble/share/eigen3_cmake_module/cmake)
[0.593s] -- Ensuring Eigen3 include directory is part of orocos-kdl CMake target
[0.593s] -- Found nav2_msgs: 1.1.16 (/opt/ros/humble/share/nav2_msgs/cmake)
[0.593s] -- Found ament_lint_auto: 0.12.11 (/opt/ros/humble/share/ament_lint_auto/cmake)
[0.593s] -- Configuring done
[0.593s] -- Generating done
[0.593s] -- Build files have been written to: /home/gerardo/turtlebot3_group6v2/build/explore_cpp
[0.593s] [35m[1mConsolidate compiler generated dependencies of target explore_node[0m
[0.593s] [ 50%] [32mBuilding CXX object CMakeFiles/explore_node.dir/src/explore_node.cpp.o[0m
[2.760s] [01m[K/home/gerardo/turtlebot3_group6v2/src/explore_cpp/src/explore_node.cpp:[m[K In member function â€˜[01m[Kstd::vector<std::pair<double, double> > ExploreNode::analyze_map(const OccupancyGrid&)[m[Kâ€™:
[2.761s] [01m[K/home/gerardo/turtlebot3_group6v2/src/explore_cpp/src/explore_node.cpp:262:85:[m[K [01;31m[Kerror: [m[Kexpected â€˜[01m[K,[m[Kâ€™ or â€˜[01m[K;[m[Kâ€™ before â€˜[01m[K.[m[Kâ€™ token
[2.761s]   262 |     cv::Mat map_mat(height, width, CV_8S, const_cast<int8_t*>(map_data.data.data()))[01;31m[K.[m[Kclone();
[2.761s]       |                                                                                     [01;31m[K^[m[K
[2.780s] [01m[K/home/gerardo/turtlebot3_group6v2/src/explore_cpp/src/explore_node.cpp:[m[K At global scope:
[2.780s] [01m[K/home/gerardo/turtlebot3_group6v2/src/explore_cpp/src/explore_node.cpp:826:40:[m[K [01;31m[Kerror: [m[Kredefinition of â€˜[01m[Kstd::vector<std::pair<double, double> > ExploreNode::analyze_map(const OccupancyGrid&)[m[Kâ€™
[2.780s]   826 | std::vector<std::pair<double, double>> [01;31m[KExploreNode[m[K::analyze_map(const nav_msgs::msg::OccupancyGrid &map_data)
[2.780s]       |                                        [01;31m[K^~~~~~~~~~~[m[K
[2.780s] [01m[K/home/gerardo/turtlebot3_group6v2/src/explore_cpp/src/explore_node.cpp:251:40:[m[K [01;36m[Knote: [m[Kâ€˜[01m[Kstd::vector<std::pair<double, double> > ExploreNode::analyze_map(const OccupancyGrid&)[m[Kâ€™ previously defined here
[2.780s]   251 | std::vector<std::pair<double, double>> [01;36m[KExploreNode[m[K::analyze_map(const nav_msgs::msg::OccupancyGrid &map_data)
[2.780s]       |                                        [01;36m[K^~~~~~~~~~~[m[K
[2.780s] [01m[K/home/gerardo/turtlebot3_group6v2/src/explore_cpp/src/explore_node.cpp:878:6:[m[K [01;31m[Kerror: [m[Kredefinition of â€˜[01m[Kbool ExploreNode::is_goal_position_valid(const PoseStamped&)[m[Kâ€™
[2.780s]   878 | bool [01;31m[KExploreNode[m[K::is_goal_position_valid(const geometry_msgs::msg::PoseStamped &goal_pose)
[2.780s]       |      [01;31m[K^~~~~~~~~~~[m[K
[2.780s] [01m[K/home/gerardo/turtlebot3_group6v2/src/explore_cpp/src/explore_node.cpp:774:6:[m[K [01;36m[Knote: [m[Kâ€˜[01m[Kbool ExploreNode::is_goal_position_valid(const PoseStamped&)[m[Kâ€™ previously defined here
[2.780s]   774 | bool [01;36m[KExploreNode[m[K::is_goal_position_valid(const geometry_msgs::msg::PoseStamped &goal_pose)
[2.780s]       |      [01;36m[K^~~~~~~~~~~[m[K
[2.780s] [01m[K/home/gerardo/turtlebot3_group6v2/src/explore_cpp/src/explore_node.cpp:913:6:[m[K [01;31m[Kerror: [m[Kredefinition of â€˜[01m[Kvoid ExploreNode::mark_frontier_as_invalid(const std::pair<double, double>&)[m[Kâ€™
[2.780s]   913 | void [01;31m[KExploreNode[m[K::mark_frontier_as_invalid(const std::pair<double, double> &coord)
[2.780s]       |      [01;31m[K^~~~~~~~~~~[m[K
[2.780s] [01m[K/home/gerardo/turtlebot3_group6v2/src/explore_cpp/src/explore_node.cpp:809:6:[m[K [01;36m[Knote: [m[Kâ€˜[01m[Kvoid ExploreNode::mark_frontier_as_invalid(const std::pair<double, double>&)[m[Kâ€™ previously defined here
[2.780s]   809 | void [01;36m[KExploreNode[m[K::mark_frontier_as_invalid(const std::pair<double, double> &coord)
[2.780s]       |      [01;36m[K^~~~~~~~~~~[m[K
[2.780s] [01m[K/home/gerardo/turtlebot3_group6v2/src/explore_cpp/src/explore_node.cpp:922:21:[m[K [01;31m[Kerror: [m[Kredefinition of â€˜[01m[Kstd::pair<int, int> ExploreNode::round_coord(const std::pair<double, double>&, int)[m[Kâ€™
[2.780s]   922 | std::pair<int, int> [01;31m[KExploreNode[m[K::round_coord(const std::pair<double, double> &coord, int precision)
[2.780s]       |                     [01;31m[K^~~~~~~~~~~[m[K
[2.780s] [01m[K/home/gerardo/turtlebot3_group6v2/src/explore_cpp/src/explore_node.cpp:818:21:[m[K [01;36m[Knote: [m[Kâ€˜[01m[Kstd::pair<int, int> ExploreNode::round_coord(const std::pair<double, double>&, int)[m[Kâ€™ previously defined here
[2.780s]   818 | std::pair<int, int> [01;36m[KExploreNode[m[K::round_coord(const std::pair<double, double> &coord, int precision)
[2.780s]       |                     [01;36m[K^~~~~~~~~~~[m[K
[4.245s] gmake[2]: *** [CMakeFiles/explore_node.dir/build.make:76: CMakeFiles/explore_node.dir/src/explore_node.cpp.o] Error 1
[4.246s] gmake[1]: *** [CMakeFiles/Makefile2:137: CMakeFiles/explore_node.dir/all] Error 2
[4.246s] gmake: *** [Makefile:146: all] Error 2
[4.248s] Invoked command in '/home/gerardo/turtlebot3_group6v2/build/explore_cpp' returned '2': CMAKE_PREFIX_PATH=${CMAKE_PREFIX_PATH}:/home/gerardo/turtlebot3_ws/install/turtlebot3_teleop:/home/gerardo/turtlebot3_ws/install/turtlebot3_example:/home/gerardo/turtlebot3_group6v2/install/turtlebot3_poi_navigation:/home/gerardo/turtlebot3_group6v2/install/turtlebot3_explore:/home/gerardo/turtlebot3_group6v2/install/motor_position_controller:/home/gerardo/turtlebot3_group6v2/install/laser_scan_adjuster:/home/gerardo/turtlebot3_group6v2/install/joint_state_publisher_custom:/home/gerardo/turtlebot3_group6/install/turtlebot3_explore:/home/gerardo/turtlebot3_group6/install/motor_controller:/opt/ros/humble /usr/bin/cmake --build /home/gerardo/turtlebot3_group6v2/build/explore_cpp -- -j16 -l16
