[0.026s] Invoking command in '/home/gerardo/turtlebot3_group6v2/build/explore_cpp': CMAKE_PREFIX_PATH=${CMAKE_PREFIX_PATH}:/home/gerardo/turtlebot3_group6v2/install/turtlebot3_poi_navigation:/home/gerardo/turtlebot3_group6v2/install/turtlebot3_explore:/home/gerardo/turtlebot3_group6v2/install/motor_position_controller:/home/gerardo/turtlebot3_group6v2/install/laser_scan_adjuster:/home/gerardo/turtlebot3_group6v2/install/joint_state_publisher_custom:/home/gerardo/turtlebot3_ws/install/turtlebot3_teleop:/home/gerardo/turtlebot3_ws/install/turtlebot3_poi_navigation:/home/gerardo/turtlebot3_ws/install/turtlebot3_example:/home/gerardo/turtlebot3_ws/install/turtlebot3_explore:/home/gerardo/turtlebot3_ws/install/motor_position_controller:/home/gerardo/turtlebot3_ws/install/laser_scan_adjuster:/home/gerardo/turtlebot3_ws/install/joint_state_publisher_custom:/home/gerardo/turtlebot3_group6/install/turtlebot3_explore:/home/gerardo/turtlebot3_group6/install/motor_controller:/opt/ros/humble /usr/bin/cmake --build /home/gerardo/turtlebot3_group6v2/build/explore_cpp -- -j16 -l16
[0.656s] [35m[1mConsolidate compiler generated dependencies of target explore_node[0m
[0.657s] [ 50%] [32mBuilding CXX object CMakeFiles/explore_node.dir/src/explore_node.cpp.o[0m
[2.666s] [01m[K/home/gerardo/turtlebot3_group6v2/src/explore_cpp/src/explore_node.cpp:266:6:[m[K [01;31m[Kerror: [m[Kno declaration matches â€˜[01m[Kvoid ExploreNode::add_revisit_point_if_needed(double, double)[m[Kâ€™
[2.666s]   266 | void [01;31m[KExploreNode[m[K::add_revisit_point_if_needed(double x, double y)
[2.666s]       |      [01;31m[K^~~~~~~~~~~[m[K
[2.666s] [01m[K/home/gerardo/turtlebot3_group6v2/src/explore_cpp/src/explore_node.cpp:266:6:[m[K [01;36m[Knote: [m[Kno functions named â€˜[01m[Kvoid ExploreNode::add_revisit_point_if_needed(double, double)[m[Kâ€™
[2.666s] [01m[K/home/gerardo/turtlebot3_group6v2/src/explore_cpp/src/explore_node.cpp:27:7:[m[K [01;36m[Knote: [m[Kâ€˜[01m[Kclass ExploreNode[m[Kâ€™ defined here
[2.667s]    27 | class [01;36m[KExploreNode[m[K : public rclcpp::Node
[2.667s]       |       [01;36m[K^~~~~~~~~~~[m[K
[2.675s] [01m[K/home/gerardo/turtlebot3_group6v2/src/explore_cpp/src/explore_node.cpp:[m[K In member function â€˜[01m[Kvoid ExploreNode::exploration_cycle()[m[Kâ€™:
[2.675s] [01m[K/home/gerardo/turtlebot3_group6v2/src/explore_cpp/src/explore_node.cpp:348:14:[m[K [01;31m[Kerror: [m[Kâ€˜[01m[Krevisit_points_[m[Kâ€™ was not declared in this scope
[2.675s]   348 |         if (![01;31m[Krevisit_points_[m[K.empty())
[2.675s]       |              [01;31m[K^~~~~~~~~~~~~~~[m[K
[2.687s] [01m[K/home/gerardo/turtlebot3_group6v2/src/explore_cpp/src/explore_node.cpp:416:5:[m[K [01;31m[Kerror: [m[Kâ€˜[01m[Kadd_revisit_point_if_needed[m[Kâ€™ was not declared in this scope
[2.687s]   416 |     [01;31m[Kadd_revisit_point_if_needed[m[K(current_pose->pose.position.x, current_pose->pose.position.y);
[2.687s]       |     [01;31m[K^~~~~~~~~~~~~~~~~~~~~~~~~~~[m[K
[4.347s] gmake[2]: *** [CMakeFiles/explore_node.dir/build.make:76: CMakeFiles/explore_node.dir/src/explore_node.cpp.o] Error 1
[4.347s] gmake[1]: *** [CMakeFiles/Makefile2:137: CMakeFiles/explore_node.dir/all] Error 2
[4.347s] gmake: *** [Makefile:146: all] Error 2
[4.349s] Invoked command in '/home/gerardo/turtlebot3_group6v2/build/explore_cpp' returned '2': CMAKE_PREFIX_PATH=${CMAKE_PREFIX_PATH}:/home/gerardo/turtlebot3_group6v2/install/turtlebot3_poi_navigation:/home/gerardo/turtlebot3_group6v2/install/turtlebot3_explore:/home/gerardo/turtlebot3_group6v2/install/motor_position_controller:/home/gerardo/turtlebot3_group6v2/install/laser_scan_adjuster:/home/gerardo/turtlebot3_group6v2/install/joint_state_publisher_custom:/home/gerardo/turtlebot3_ws/install/turtlebot3_teleop:/home/gerardo/turtlebot3_ws/install/turtlebot3_poi_navigation:/home/gerardo/turtlebot3_ws/install/turtlebot3_example:/home/gerardo/turtlebot3_ws/install/turtlebot3_explore:/home/gerardo/turtlebot3_ws/install/motor_position_controller:/home/gerardo/turtlebot3_ws/install/laser_scan_adjuster:/home/gerardo/turtlebot3_ws/install/joint_state_publisher_custom:/home/gerardo/turtlebot3_group6/install/turtlebot3_explore:/home/gerardo/turtlebot3_group6/install/motor_controller:/opt/ros/humble /usr/bin/cmake --build /home/gerardo/turtlebot3_group6v2/build/explore_cpp -- -j16 -l16
