-- The C compiler identification is GNU 11.4.0
-- The CXX compiler identification is GNU 11.4.0
-- Detecting C compiler ABI info
-- Detecting C compiler ABI info - done
-- Check for working C compiler: /usr/bin/cc - skipped
-- Detecting C compile features
-- Detecting C compile features - done
-- Detecting CXX compiler ABI info
-- Detecting CXX compiler ABI info - done
-- Check for working CXX compiler: /usr/bin/c++ - skipped
-- Detecting CXX compile features
-- Detecting CXX compile features - done
-- Found ament_cmake: 1.3.10 (/opt/ros/humble/share/ament_cmake/cmake)
-- Found Python3: /usr/bin/python3 (found version "3.10.12") found components: Interpreter 
-- Found rclcpp: 16.0.10 (/opt/ros/humble/share/rclcpp/cmake)
-- Found rosidl_generator_c: 3.1.5 (/opt/ros/humble/share/rosidl_generator_c/cmake)
-- Found rosidl_adapter: 3.1.5 (/opt/ros/humble/share/rosidl_adapter/cmake)
-- Found rosidl_generator_cpp: 3.1.5 (/opt/ros/humble/share/rosidl_generator_cpp/cmake)
-- Using all available rosidl_typesupport_c: rosidl_typesupport_fastrtps_c;rosidl_typesupport_introspection_c
-- Using all available rosidl_typesupport_cpp: rosidl_typesupport_fastrtps_cpp;rosidl_typesupport_introspection_cpp
-- Found rmw_implementation_cmake: 6.1.2 (/opt/ros/humble/share/rmw_implementation_cmake/cmake)
-- Found rmw_fastrtps_cpp: 6.2.7 (/opt/ros/humble/share/rmw_fastrtps_cpp/cmake)
-- Found OpenSSL: /usr/lib/x86_64-linux-gnu/libcrypto.so (found version "3.0.2")  
-- Found FastRTPS: /opt/ros/humble/include  
-- Using RMW implementation 'rmw_fastrtps_cpp' as default
-- Looking for pthread.h
-- Looking for pthread.h - found
-- Performing Test CMAKE_HAVE_LIBC_PTHREAD
-- Performing Test CMAKE_HAVE_LIBC_PTHREAD - Success
-- Found Threads: TRUE  
-- Found nav_msgs: 4.2.4 (/opt/ros/humble/share/nav_msgs/cmake)
-- Found visualization_msgs: 4.2.4 (/opt/ros/humble/share/visualization_msgs/cmake)
-- Found tf2_ros: 0.25.8 (/opt/ros/humble/share/tf2_ros/cmake)
-- Found tf2_geometry_msgs: 0.25.8 (/opt/ros/humble/share/tf2_geometry_msgs/cmake)
-- Found eigen3_cmake_module: 0.1.1 (/opt/ros/humble/share/eigen3_cmake_module/cmake)
-- Found Eigen3: TRUE (found version "3.4.0") 
-- Ensuring Eigen3 include directory is part of orocos-kdl CMake target
-- Found nav2_msgs: 1.1.16 (/opt/ros/humble/share/nav2_msgs/cmake)
-- Found OpenCV: /usr (found version "4.5.4") 
-- Found ament_lint_auto: 0.12.11 (/opt/ros/humble/share/ament_lint_auto/cmake)
-- Configuring done
-- Generating done
-- Build files have been written to: /home/gerardo/turtlebot3_group6v2/build/explore_cpp
[35m[1mConsolidate compiler generated dependencies of target explore_node[0m
[ 50%] [32mBuilding CXX object CMakeFiles/explore_node.dir/src/explore_node.cpp.o[0m
[01m[K/home/gerardo/turtlebot3_group6v2/src/explore_cpp/src/explore_node.cpp:[m[K In member function â€˜[01m[Kvoid ExploreNode::exploration_cycle()[m[Kâ€™:
[01m[K/home/gerardo/turtlebot3_group6v2/src/explore_cpp/src/explore_node.cpp:185:26:[m[K [01;31m[Kerror: [m[Kâ€˜[01m[Kcalculate_goal_pose[m[Kâ€™ was not declared in this scope
  185 |         auto goal_pose = [01;31m[Kcalculate_goal_pose[m[K(selected_coord, *current_pose);
      |                          [01;31m[K^~~~~~~~~~~~~~~~~~~[m[K
[01m[K/home/gerardo/turtlebot3_group6v2/src/explore_cpp/src/explore_node.cpp:[m[K At global scope:
[01m[K/home/gerardo/turtlebot3_group6v2/src/explore_cpp/src/explore_node.cpp:547:44:[m[K [01;31m[Kerror: [m[Kno declaration matches â€˜[01m[Kgeometry_msgs::msg::PoseStamped_<std::allocator<void> >::SharedPtr ExploreNode::calculate_goal_pose(const std::pair<double, double>&, const PoseStamped&)[m[Kâ€™
  547 | geometry_msgs::msg::PoseStamped::SharedPtr [01;31m[KExploreNode[m[K::calculate_goal_pose(
      |                                            [01;31m[K^~~~~~~~~~~[m[K
[01m[K/home/gerardo/turtlebot3_group6v2/src/explore_cpp/src/explore_node.cpp:547:44:[m[K [01;36m[Knote: [m[Kno functions named â€˜[01m[Kgeometry_msgs::msg::PoseStamped_<std::allocator<void> >::SharedPtr ExploreNode::calculate_goal_pose(const std::pair<double, double>&, const PoseStamped&)[m[Kâ€™
[01m[K/home/gerardo/turtlebot3_group6v2/src/explore_cpp/src/explore_node.cpp:26:7:[m[K [01;36m[Knote: [m[Kâ€˜[01m[Kclass ExploreNode[m[Kâ€™ defined here
   26 | class [01;36m[KExploreNode[m[K : public rclcpp::Node
      |       [01;36m[K^~~~~~~~~~~[m[K
gmake[2]: *** [CMakeFiles/explore_node.dir/build.make:76: CMakeFiles/explore_node.dir/src/explore_node.cpp.o] Error 1
gmake[1]: *** [CMakeFiles/Makefile2:137: CMakeFiles/explore_node.dir/all] Error 2
gmake: *** [Makefile:146: all] Error 2
