[0.022s] Invoking command in '/home/gerardo/turtlebot3_group6v2/build/explore_cpp': CMAKE_PREFIX_PATH=${CMAKE_PREFIX_PATH}:/home/gerardo/turtlebot3_ws/install/turtlebot3_poi_navigation:/home/gerardo/turtlebot3_ws/install/turtlebot3_explore:/home/gerardo/turtlebot3_ws/install/motor_position_controller:/home/gerardo/turtlebot3_ws/install/laser_scan_adjuster:/home/gerardo/turtlebot3_ws/install/joint_state_publisher_custom:/home/gerardo/turtlebot3_group6v2/install/turtlebot3_poi_navigation:/home/gerardo/turtlebot3_group6v2/install/turtlebot3_explore:/home/gerardo/turtlebot3_group6v2/install/motor_position_controller:/home/gerardo/turtlebot3_group6v2/install/laser_scan_adjuster:/home/gerardo/turtlebot3_group6v2/install/joint_state_publisher_custom:/home/gerardo/turtlebot3_ws/install/turtlebot3_teleop:/home/gerardo/turtlebot3_ws/install/turtlebot3_example:/home/gerardo/turtlebot3_group6/install/turtlebot3_explore:/home/gerardo/turtlebot3_group6/install/motor_controller:/opt/ros/humble /usr/bin/cmake --build /home/gerardo/turtlebot3_group6v2/build/explore_cpp -- -j16 -l16
[0.609s] [35m[1mConsolidate compiler generated dependencies of target explore_node[0m
[0.609s] [ 50%] [32mBuilding CXX object CMakeFiles/explore_node.dir/src/explore_node.cpp.o[0m
[2.391s] [01m[K/home/gerardo/turtlebot3_group6v2/src/explore_cpp/src/explore_node.cpp:[m[K In member function â€˜[01m[Kvoid ExploreNode::exploration_cycle()[m[Kâ€™:
[2.391s] [01m[K/home/gerardo/turtlebot3_group6v2/src/explore_cpp/src/explore_node.cpp:185:26:[m[K [01;31m[Kerror: [m[Kâ€˜[01m[Kcalculate_goal_pose[m[Kâ€™ was not declared in this scope
[2.391s]   185 |         auto goal_pose = [01;31m[Kcalculate_goal_pose[m[K(selected_coord, *current_pose);
[2.391s]       |                          [01;31m[K^~~~~~~~~~~~~~~~~~~[m[K
[2.404s] [01m[K/home/gerardo/turtlebot3_group6v2/src/explore_cpp/src/explore_node.cpp:[m[K At global scope:
[2.404s] [01m[K/home/gerardo/turtlebot3_group6v2/src/explore_cpp/src/explore_node.cpp:547:44:[m[K [01;31m[Kerror: [m[Kno declaration matches â€˜[01m[Kgeometry_msgs::msg::PoseStamped_<std::allocator<void> >::SharedPtr ExploreNode::calculate_goal_pose(const std::pair<double, double>&, const PoseStamped&)[m[Kâ€™
[2.404s]   547 | geometry_msgs::msg::PoseStamped::SharedPtr [01;31m[KExploreNode[m[K::calculate_goal_pose(
[2.404s]       |                                            [01;31m[K^~~~~~~~~~~[m[K
[2.405s] [01m[K/home/gerardo/turtlebot3_group6v2/src/explore_cpp/src/explore_node.cpp:547:44:[m[K [01;36m[Knote: [m[Kno functions named â€˜[01m[Kgeometry_msgs::msg::PoseStamped_<std::allocator<void> >::SharedPtr ExploreNode::calculate_goal_pose(const std::pair<double, double>&, const PoseStamped&)[m[Kâ€™
[2.405s] [01m[K/home/gerardo/turtlebot3_group6v2/src/explore_cpp/src/explore_node.cpp:26:7:[m[K [01;36m[Knote: [m[Kâ€˜[01m[Kclass ExploreNode[m[Kâ€™ defined here
[2.405s]    26 | class [01;36m[KExploreNode[m[K : public rclcpp::Node
[2.405s]       |       [01;36m[K^~~~~~~~~~~[m[K
[3.841s] gmake[2]: *** [CMakeFiles/explore_node.dir/build.make:76: CMakeFiles/explore_node.dir/src/explore_node.cpp.o] Error 1
[3.841s] gmake[1]: *** [CMakeFiles/Makefile2:137: CMakeFiles/explore_node.dir/all] Error 2
[3.841s] gmake: *** [Makefile:146: all] Error 2
[3.843s] Invoked command in '/home/gerardo/turtlebot3_group6v2/build/explore_cpp' returned '2': CMAKE_PREFIX_PATH=${CMAKE_PREFIX_PATH}:/home/gerardo/turtlebot3_ws/install/turtlebot3_poi_navigation:/home/gerardo/turtlebot3_ws/install/turtlebot3_explore:/home/gerardo/turtlebot3_ws/install/motor_position_controller:/home/gerardo/turtlebot3_ws/install/laser_scan_adjuster:/home/gerardo/turtlebot3_ws/install/joint_state_publisher_custom:/home/gerardo/turtlebot3_group6v2/install/turtlebot3_poi_navigation:/home/gerardo/turtlebot3_group6v2/install/turtlebot3_explore:/home/gerardo/turtlebot3_group6v2/install/motor_position_controller:/home/gerardo/turtlebot3_group6v2/install/laser_scan_adjuster:/home/gerardo/turtlebot3_group6v2/install/joint_state_publisher_custom:/home/gerardo/turtlebot3_ws/install/turtlebot3_teleop:/home/gerardo/turtlebot3_ws/install/turtlebot3_example:/home/gerardo/turtlebot3_group6/install/turtlebot3_explore:/home/gerardo/turtlebot3_group6/install/motor_controller:/opt/ros/humble /usr/bin/cmake --build /home/gerardo/turtlebot3_group6v2/build/explore_cpp -- -j16 -l16
