[0.024s] Invoking command in '/home/gerardo/turtlebot3_group6v2/build/explore_cpp': CMAKE_PREFIX_PATH=${CMAKE_PREFIX_PATH}:/home/gerardo/turtlebot3_ws/install/turtlebot3_teleop:/home/gerardo/turtlebot3_ws/install/turtlebot3_example:/home/gerardo/turtlebot3_group6v2/install/turtlebot3_poi_navigation:/home/gerardo/turtlebot3_group6v2/install/turtlebot3_explore:/home/gerardo/turtlebot3_group6v2/install/motor_position_controller:/home/gerardo/turtlebot3_group6v2/install/laser_scan_adjuster:/home/gerardo/turtlebot3_group6v2/install/joint_state_publisher_custom:/home/gerardo/turtlebot3_group6/install/turtlebot3_explore:/home/gerardo/turtlebot3_group6/install/motor_controller:/opt/ros/humble /usr/bin/cmake --build /home/gerardo/turtlebot3_group6v2/build/explore_cpp -- -j16 -l16
[0.641s] [35m[1mConsolidate compiler generated dependencies of target explore_node[0m
[0.641s] [ 50%] [32mBuilding CXX object CMakeFiles/explore_node.dir/src/explore_node.cpp.o[0m
[2.658s] [01m[K/home/gerardo/turtlebot3_group6v2/src/explore_cpp/src/explore_node.cpp:818:91:[m[K [01;31m[Kerror: [m[Kexpected â€˜[01m[K,[m[Kâ€™ or â€˜[01m[K...[m[Kâ€™ at end of input
[2.658s]   818 | std::pair<int, int> ExploreNode::round_coord(const std::pair<double, double> &coord, int p
[2.658s]       |                                                                                           [01;31m[K^[m[K
[2.658s] [01m[K/home/gerardo/turtlebot3_group6v2/src/explore_cpp/src/explore_node.cpp:818:91:[m[K [01;31m[Kerror: [m[Kexpected â€˜[01m[K)[m[Kâ€™ at end of input
[2.658s]   818 | std::pair<int, int> ExploreNode::round_coord[34m[K([m[Kconst std::pair<double, double> &coord, int p
[2.658s]       |                                             [34m[K~[m[K                                             [01;31m[K^[m[K
[2.659s]       |                                                                                           [32m[K)[m[K
[2.659s] [01m[K/home/gerardo/turtlebot3_group6v2/src/explore_cpp/src/explore_node.cpp:818:91:[m[K [01;31m[Kerror: [m[Kexpected initializer at end of input
[4.165s] gmake[2]: *** [CMakeFiles/explore_node.dir/build.make:76: CMakeFiles/explore_node.dir/src/explore_node.cpp.o] Error 1
[4.165s] gmake[1]: *** [CMakeFiles/Makefile2:137: CMakeFiles/explore_node.dir/all] Error 2
[4.165s] gmake: *** [Makefile:146: all] Error 2
[4.167s] Invoked command in '/home/gerardo/turtlebot3_group6v2/build/explore_cpp' returned '2': CMAKE_PREFIX_PATH=${CMAKE_PREFIX_PATH}:/home/gerardo/turtlebot3_ws/install/turtlebot3_teleop:/home/gerardo/turtlebot3_ws/install/turtlebot3_example:/home/gerardo/turtlebot3_group6v2/install/turtlebot3_poi_navigation:/home/gerardo/turtlebot3_group6v2/install/turtlebot3_explore:/home/gerardo/turtlebot3_group6v2/install/motor_position_controller:/home/gerardo/turtlebot3_group6v2/install/laser_scan_adjuster:/home/gerardo/turtlebot3_group6v2/install/joint_state_publisher_custom:/home/gerardo/turtlebot3_group6/install/turtlebot3_explore:/home/gerardo/turtlebot3_group6/install/motor_controller:/opt/ros/humble /usr/bin/cmake --build /home/gerardo/turtlebot3_group6v2/build/explore_cpp -- -j16 -l16
