[0.024s] Invoking command in '/home/gerardo/turtlebot3_group6v2/build/explore_cpp': CMAKE_PREFIX_PATH=${CMAKE_PREFIX_PATH}:/home/gerardo/turtlebot3_group6v2/install/turtlebot3_poi_navigation:/home/gerardo/turtlebot3_group6v2/install/turtlebot3_explore:/home/gerardo/turtlebot3_group6v2/install/motor_position_controller:/home/gerardo/turtlebot3_group6v2/install/laser_scan_adjuster:/home/gerardo/turtlebot3_group6v2/install/joint_state_publisher_custom:/home/gerardo/turtlebot3_ws/install/turtlebot3_teleop:/home/gerardo/turtlebot3_ws/install/turtlebot3_poi_navigation:/home/gerardo/turtlebot3_ws/install/turtlebot3_example:/home/gerardo/turtlebot3_ws/install/turtlebot3_explore:/home/gerardo/turtlebot3_ws/install/motor_position_controller:/home/gerardo/turtlebot3_ws/install/laser_scan_adjuster:/home/gerardo/turtlebot3_ws/install/joint_state_publisher_custom:/home/gerardo/turtlebot3_group6/install/turtlebot3_explore:/home/gerardo/turtlebot3_group6/install/motor_controller:/opt/ros/humble /usr/bin/cmake --build /home/gerardo/turtlebot3_group6v2/build/explore_cpp -- -j16 -l16
[0.652s] [35m[1mConsolidate compiler generated dependencies of target explore_node[0m
[0.652s] [ 50%] [32mBuilding CXX object CMakeFiles/explore_node.dir/src/explore_node.cpp.o[0m
[2.630s] [01m[K/home/gerardo/turtlebot3_group6v2/src/explore_cpp/src/explore_node.cpp:725:6:[m[K [01;31m[Kerror: [m[Kredefinition of â€˜[01m[Kbool ExploreNode::assess_map_stability(const SharedPtr&)[m[Kâ€™
[2.630s]   725 | bool [01;31m[KExploreNode[m[K::assess_map_stability(const nav_msgs::msg::OccupancyGrid::SharedPtr &msg)
[2.630s]       |      [01;31m[K^~~~~~~~~~~[m[K
[2.630s] [01m[K/home/gerardo/turtlebot3_group6v2/src/explore_cpp/src/explore_node.cpp:229:6:[m[K [01;36m[Knote: [m[Kâ€˜[01m[Kbool ExploreNode::assess_map_stability(const SharedPtr&)[m[Kâ€™ previously defined here
[2.630s]   229 | bool [01;36m[KExploreNode[m[K::assess_map_stability(const nav_msgs::msg::OccupancyGrid::SharedPtr &msg)
[2.630s]       |      [01;36m[K^~~~~~~~~~~[m[K
[4.249s] gmake[2]: *** [CMakeFiles/explore_node.dir/build.make:76: CMakeFiles/explore_node.dir/src/explore_node.cpp.o] Error 1
[4.249s] gmake[1]: *** [CMakeFiles/Makefile2:137: CMakeFiles/explore_node.dir/all] Error 2
[4.249s] gmake: *** [Makefile:146: all] Error 2
[4.252s] Invoked command in '/home/gerardo/turtlebot3_group6v2/build/explore_cpp' returned '2': CMAKE_PREFIX_PATH=${CMAKE_PREFIX_PATH}:/home/gerardo/turtlebot3_group6v2/install/turtlebot3_poi_navigation:/home/gerardo/turtlebot3_group6v2/install/turtlebot3_explore:/home/gerardo/turtlebot3_group6v2/install/motor_position_controller:/home/gerardo/turtlebot3_group6v2/install/laser_scan_adjuster:/home/gerardo/turtlebot3_group6v2/install/joint_state_publisher_custom:/home/gerardo/turtlebot3_ws/install/turtlebot3_teleop:/home/gerardo/turtlebot3_ws/install/turtlebot3_poi_navigation:/home/gerardo/turtlebot3_ws/install/turtlebot3_example:/home/gerardo/turtlebot3_ws/install/turtlebot3_explore:/home/gerardo/turtlebot3_ws/install/motor_position_controller:/home/gerardo/turtlebot3_ws/install/laser_scan_adjuster:/home/gerardo/turtlebot3_ws/install/joint_state_publisher_custom:/home/gerardo/turtlebot3_group6/install/turtlebot3_explore:/home/gerardo/turtlebot3_group6/install/motor_controller:/opt/ros/humble /usr/bin/cmake --build /home/gerardo/turtlebot3_group6v2/build/explore_cpp -- -j16 -l16
