[0.022s] Invoking command in '/home/gerardo/turtlebot3_group6v2/build/explore_cpp': /usr/bin/cmake --build /home/gerardo/turtlebot3_group6v2/build/explore_cpp -- -j16 -l16
[0.593s] -- Found ament_cmake: 1.3.10 (/opt/ros/humble/share/ament_cmake/cmake)
[0.593s] -- Found rclcpp: 16.0.10 (/opt/ros/humble/share/rclcpp/cmake)
[0.593s] -- Found rosidl_generator_c: 3.1.5 (/opt/ros/humble/share/rosidl_generator_c/cmake)
[0.593s] -- Found rosidl_adapter: 3.1.5 (/opt/ros/humble/share/rosidl_adapter/cmake)
[0.593s] -- Found rosidl_generator_cpp: 3.1.5 (/opt/ros/humble/share/rosidl_generator_cpp/cmake)
[0.593s] -- Using all available rosidl_typesupport_c: rosidl_typesupport_fastrtps_c;rosidl_typesupport_introspection_c
[0.593s] -- Using all available rosidl_typesupport_cpp: rosidl_typesupport_fastrtps_cpp;rosidl_typesupport_introspection_cpp
[0.593s] -- Found rmw_implementation_cmake: 6.1.2 (/opt/ros/humble/share/rmw_implementation_cmake/cmake)
[0.593s] -- Found rmw_fastrtps_cpp: 6.2.7 (/opt/ros/humble/share/rmw_fastrtps_cpp/cmake)
[0.593s] -- Using RMW implementation 'rmw_fastrtps_cpp' as default
[0.593s] -- Found nav_msgs: 4.2.4 (/opt/ros/humble/share/nav_msgs/cmake)
[0.593s] -- Found visualization_msgs: 4.2.4 (/opt/ros/humble/share/visualization_msgs/cmake)
[0.593s] -- Found tf2_ros: 0.25.8 (/opt/ros/humble/share/tf2_ros/cmake)
[0.593s] -- Found tf2_geometry_msgs: 0.25.8 (/opt/ros/humble/share/tf2_geometry_msgs/cmake)
[0.593s] -- Found eigen3_cmake_module: 0.1.1 (/opt/ros/humble/share/eigen3_cmake_module/cmake)
[0.593s] -- Ensuring Eigen3 include directory is part of orocos-kdl CMake target
[0.593s] -- Found nav2_msgs: 1.1.16 (/opt/ros/humble/share/nav2_msgs/cmake)
[0.593s] -- Found ament_lint_auto: 0.12.11 (/opt/ros/humble/share/ament_lint_auto/cmake)
[0.593s] -- Configuring incomplete, errors occurred!
[0.594s] See also "/home/gerardo/turtlebot3_group6v2/build/explore_cpp/CMakeFiles/CMakeOutput.log".
[0.594s] Error parsing '/home/gerardo/turtlebot3_group6v2/src/explore_cpp/package.xml':
[0.594s] Traceback (most recent call last):
[0.594s]   File "/opt/ros/humble/share/ament_cmake_core/cmake/core/package_xml_2_cmake.py", line 150, in <module>
[0.594s]     main()
[0.594s]   File "/opt/ros/humble/share/ament_cmake_core/cmake/core/package_xml_2_cmake.py", line 53, in main
[0.594s]     raise e
[0.594s]   File "/opt/ros/humble/share/ament_cmake_core/cmake/core/package_xml_2_cmake.py", line 49, in main
[0.594s]     package = parse_package_string(
[0.594s]   File "/usr/lib/python3/dist-packages/catkin_pkg/package.py", line 786, in parse_package_string
[0.594s]     raise InvalidPackage('Error(s):%s' % (''.join(['\n- %s' % e for e in errors])), filename)
[0.594s] catkin_pkg.package.InvalidPackage: Error(s) in package '/home/gerardo/turtlebot3_group6v2/src/explore_cpp/package.xml':
[0.594s] Error(s):
[0.594s] - The generic dependency on 'opencv4' is redundant with: exec_depend
[0.594s] [31mCMake Error at /opt/ros/humble/share/ament_cmake_core/cmake/core/ament_package_xml.cmake:95 (message):
[0.594s]   execute_process(/usr/bin/python3
[0.594s]   /opt/ros/humble/share/ament_cmake_core/cmake/core/package_xml_2_cmake.py
[0.594s]   /home/gerardo/turtlebot3_group6v2/src/explore_cpp/package.xml
[0.594s]   /home/gerardo/turtlebot3_group6v2/build/explore_cpp/ament_cmake_core/package.cmake)
[0.595s]   returned error code 1
[0.595s] Call Stack (most recent call first):
[0.595s]   /opt/ros/humble/share/ament_cmake_core/cmake/core/ament_package_xml.cmake:49 (_ament_package_xml)
[0.595s]   /opt/ros/humble/share/ament_lint_auto/cmake/ament_lint_auto_find_test_dependencies.cmake:31 (ament_package_xml)
[0.595s]   CMakeLists.txt:67 (ament_lint_auto_find_test_dependencies)
[0.595s] 
[0.595s] [0m
[0.595s] gmake: *** [Makefile:267: cmake_check_build_system] Error 1
[0.731s] Invoked command in '/home/gerardo/turtlebot3_group6v2/build/explore_cpp' returned '2': /usr/bin/cmake --build /home/gerardo/turtlebot3_group6v2/build/explore_cpp -- -j16 -l16
